Compiling the C compiler identification source file "CMakeCCompilerId.c" failed.
Compiler: /home/maxps/.local/bin/sh-elf-gcc 
Build flags: 
Id flags:  

The output was:
1
/home/maxps/.local/share/fxsdk/sysroot/lib/gcc/sh3eb-elf/11.1.0/../../../../sh3eb-elf/bin/ld: /home/maxps/.local/share/fxsdk/sysroot/lib/gcc/sh3eb-elf/11.1.0/../../../../sh3eb-elf/lib/libc.a(dso.c.obj):(.data+0x0): повторное определение «___dso_handle»; /home/maxps/.local/share/fxsdk/sysroot/lib/gcc/sh3eb-elf/11.1.0/crtbegin.o:(.data+0x0): здесь первое определение
/home/maxps/.local/share/fxsdk/sysroot/lib/gcc/sh3eb-elf/11.1.0/../../../../sh3eb-elf/bin/ld: /home/maxps/.local/share/fxsdk/sysroot/lib/gcc/sh3eb-elf/11.1.0/crt1.o: в функции «main_k»:
(.text+0x5c): неопределённая ссылка на «___setup_argv_and_call_main»
/home/maxps/.local/share/fxsdk/sysroot/lib/gcc/sh3eb-elf/11.1.0/../../../../sh3eb-elf/bin/ld: /home/maxps/.local/share/fxsdk/sysroot/lib/gcc/sh3eb-elf/11.1.0/../../../../sh3eb-elf/lib/libc.a(exit.c.obj): в функции «_exit»:
exit.c:(.text+0x18): неопределённая ссылка на «__Exit»
/home/maxps/.local/share/fxsdk/sysroot/lib/gcc/sh3eb-elf/11.1.0/../../../../sh3eb-elf/bin/ld: /home/maxps/.local/share/fxsdk/sysroot/lib/gcc/sh3eb-elf/11.1.0/../../../../sh3eb-elf/lib/libc.a(malloc.c.obj): в функции «_malloc»:
malloc.c:(.text+0x18): неопределённая ссылка на «_kmalloc»
collect2: ошибка: выполнение ld завершилось с кодом возврата 1


Compiling the CXX compiler identification source file "CMakeCXXCompilerId.cpp" failed.
Compiler: /home/maxps/.local/bin/sh-elf-g++ 
Build flags: 
Id flags:  

The output was:
1
/home/maxps/.local/share/fxsdk/sysroot/lib/gcc/sh3eb-elf/11.1.0/../../../../sh3eb-elf/bin/ld: /home/maxps/.local/share/fxsdk/sysroot/lib/gcc/sh3eb-elf/11.1.0/../../../../sh3eb-elf/lib/libc.a(dso.c.obj):(.data+0x0): повторное определение «___dso_handle»; /home/maxps/.local/share/fxsdk/sysroot/lib/gcc/sh3eb-elf/11.1.0/crtbegin.o:(.data+0x0): здесь первое определение
/home/maxps/.local/share/fxsdk/sysroot/lib/gcc/sh3eb-elf/11.1.0/../../../../sh3eb-elf/bin/ld: /home/maxps/.local/share/fxsdk/sysroot/lib/gcc/sh3eb-elf/11.1.0/crt1.o: в функции «main_k»:
(.text+0x5c): неопределённая ссылка на «___setup_argv_and_call_main»
/home/maxps/.local/share/fxsdk/sysroot/lib/gcc/sh3eb-elf/11.1.0/../../../../sh3eb-elf/bin/ld: /home/maxps/.local/share/fxsdk/sysroot/lib/gcc/sh3eb-elf/11.1.0/../../../../sh3eb-elf/lib/libc.a(exit.c.obj): в функции «_exit»:
exit.c:(.text+0x18): неопределённая ссылка на «__Exit»
/home/maxps/.local/share/fxsdk/sysroot/lib/gcc/sh3eb-elf/11.1.0/../../../../sh3eb-elf/bin/ld: /home/maxps/.local/share/fxsdk/sysroot/lib/gcc/sh3eb-elf/11.1.0/../../../../sh3eb-elf/lib/libc.a(malloc.c.obj): в функции «_malloc»:
malloc.c:(.text+0x18): неопределённая ссылка на «_kmalloc»
collect2: ошибка: выполнение ld завершилось с кодом возврата 1


